[ 2018-01-29T13:54:55+08:00 ] 192.168.2.2 /
INFO: [ app_init ] --START--
INFO: Run Behavior\BuildLiteBehavior [ RunTime:0.000000s ]
INFO: [ app_init ] --END-- [ RunTime:0.001000s ]
INFO: [ app_begin ] --START--
INFO: Run Behavior\ReadHtmlCacheBehavior [ RunTime:0.001000s ]
INFO: [ app_begin ] --END-- [ RunTime:0.001000s ]
SQL: SHOW COLUMNS FROM `pk_jbsz` [ RunTime:0.0040s ]
SQL: SELECT * FROM `pk_jbsz` LIMIT 1   [ RunTime:0.0010s ]
SQL: SHOW COLUMNS FROM `pk_slider` [ RunTime:0.0040s ]
SQL: SELECT * FROM `pk_slider`  [ RunTime:0.0000s ]
SQL: SELECT * FROM `pk_slider` WHERE ( id=2 ) LIMIT 1   [ RunTime:0.0000s ]
SQL: SELECT * FROM `pk_jbsz`  [ RunTime:0.0010s ]
SQL: SHOW COLUMNS FROM `pk_jtyw` [ RunTime:0.0020s ]
SQL: SELECT * FROM `pk_jtyw`  [ RunTime:0.0020s ]
INFO: [ view_parse ] --START--
INFO: [ template_filter ] --START--
INFO: Run Behavior\ContentReplaceBehavior [ RunTime:0.000000s ]
INFO: [ template_filter ] --END-- [ RunTime:0.001000s ]
SQL: SHOW COLUMNS FROM `pk_menu` [ RunTime:0.0020s ]
SQL: SELECT * FROM `pk_menu` WHERE ( stat=0 ) ORDER BY id asc  [ RunTime:0.0000s ]
SQL: SELECT * FROM `pk_menu` WHERE ( stat=1 )  [ RunTime:0.0000s ]
SQL: SELECT * FROM `pk_menu` WHERE ( stat=2 )  [ RunTime:0.0010s ]
SQL: SELECT * FROM `pk_menu` WHERE ( stat=3 )  [ RunTime:0.0000s ]
SQL: SELECT * FROM `pk_menu` WHERE ( stat=4 )  [ RunTime:0.0000s ]
SQL: SELECT * FROM `pk_menu` WHERE ( stat=5 )  [ RunTime:0.0010s ]
SQL: SELECT * FROM `pk_menu` WHERE ( stat=6 )  [ RunTime:0.0000s ]
SQL: SELECT * FROM `pk_menu` WHERE ( stat=32 )  [ RunTime:0.0000s ]
NOTIC: [8] Undefined variable: idd D:\wamp\www\pk\Application\Runtime\Cache\Home\2a94b8bda04ff446dcedd42276fc99ee.php 第 83 行.
NOTIC: [8] Undefined variable: idd D:\wamp\www\pk\Application\Runtime\Cache\Home\2a94b8bda04ff446dcedd42276fc99ee.php 第 83 行.
NOTIC: [8] Undefined variable: idd D:\wamp\www\pk\Application\Runtime\Cache\Home\2a94b8bda04ff446dcedd42276fc99ee.php 第 83 行.
NOTIC: [8] Undefined variable: idd D:\wamp\www\pk\Application\Runtime\Cache\Home\2a94b8bda04ff446dcedd42276fc99ee.php 第 83 行.
NOTIC: [8] Undefined variable: idd D:\wamp\www\pk\Application\Runtime\Cache\Home\2a94b8bda04ff446dcedd42276fc99ee.php 第 83 行.
NOTIC: [8] Undefined variable: idd D:\wamp\www\pk\Application\Runtime\Cache\Home\2a94b8bda04ff446dcedd42276fc99ee.php 第 83 行.
NOTIC: [8] Undefined variable: idd D:\wamp\www\pk\Application\Runtime\Cache\Home\2a94b8bda04ff446dcedd42276fc99ee.php 第 83 行.
NOTIC: [8] Use of undefined constant title - assumed 'title' D:\wamp\www\pk\Application\Runtime\Cache\Home\2a94b8bda04ff446dcedd42276fc99ee.php 第 132 行.
NOTIC: [8] Use of undefined constant title - assumed 'title' D:\wamp\www\pk\Application\Runtime\Cache\Home\2a94b8bda04ff446dcedd42276fc99ee.php 第 132 行.
NOTIC: [8] Use of undefined constant title - assumed 'title' D:\wamp\www\pk\Application\Runtime\Cache\Home\2a94b8bda04ff446dcedd42276fc99ee.php 第 132 行.
NOTIC: [8] Use of undefined constant title - assumed 'title' D:\wamp\www\pk\Application\Runtime\Cache\Home\2a94b8bda04ff446dcedd42276fc99ee.php 第 132 行.
NOTIC: [8] Use of undefined constant title - assumed 'title' D:\wamp\www\pk\Application\Runtime\Cache\Home\2a94b8bda04ff446dcedd42276fc99ee.php 第 132 行.
INFO: Run Behavior\ParseTemplateBehavior [ RunTime:0.021000s ]
INFO: [ view_parse ] --END-- [ RunTime:0.021000s ]
INFO: [ view_filter ] --START--
INFO: Run Behavior\WriteHtmlCacheBehavior [ RunTime:0.000000s ]
INFO: [ view_filter ] --END-- [ RunTime:0.000000s ]
INFO: [ app_end ] --START--
INFO: Run Behavior\ShowPageTraceBehavior [ RunTime:0.001000s ]
INFO: [ app_end ] --END-- [ RunTime:0.001000s ]

[ 2018-01-29T13:55:03+08:00 ] 192.168.2.2 /home/New/news.html?id=2
INFO: [ app_init ] --START--
INFO: Run Behavior\BuildLiteBehavior [ RunTime:0.000000s ]
INFO: [ app_init ] --END-- [ RunTime:0.001000s ]
INFO: [ app_begin ] --START--
INFO: Run Behavior\ReadHtmlCacheBehavior [ RunTime:0.001000s ]
INFO: [ app_begin ] --END-- [ RunTime:0.001000s ]
SQL: SHOW COLUMNS FROM `pk_jbsz` [ RunTime:0.0040s ]
SQL: SELECT * FROM `pk_jbsz` LIMIT 1   [ RunTime:0.0010s ]
SQL: SHOW COLUMNS FROM `pk_jtyw` [ RunTime:0.0030s ]
SQL: SELECT * FROM `pk_jtyw` WHERE ( code = 1 and stat=1 ) ORDER BY edittime desc LIMIT 1,5   [ RunTime:0.0000s ]
SQL: SHOW COLUMNS FROM `pk_hydt` [ RunTime:0.0030s ]
SQL: SELECT * FROM `pk_hydt` WHERE ( code = 1 ) ORDER BY edittime desc  [ RunTime:0.0000s ]
SQL: SHOW COLUMNS FROM `pk_xcp` [ RunTime:0.0030s ]
SQL: SELECT * FROM `pk_xcp` WHERE ( id = 1 ) LIMIT 1   [ RunTime:0.0000s ]
SQL: SELECT * FROM `pk_jtyw` WHERE ( code = 1 ) LIMIT 5   [ RunTime:0.0010s ]
SQL: SELECT * FROM `pk_jbsz`  [ RunTime:0.0000s ]
SQL: SELECT * FROM `pk_jtyw`  [ RunTime:0.0010s ]
SQL: SHOW COLUMNS FROM `pk_zhongxin` [ RunTime:0.0020s ]
SQL: SELECT * FROM `pk_zhongxin` WHERE ( id=1 ) LIMIT 1   [ RunTime:0.0010s ]
SQL: SELECT * FROM `pk_zhongxin` WHERE ( id=2 ) LIMIT 1   [ RunTime:0.0000s ]
INFO: [ view_parse ] --START--
INFO: [ template_filter ] --START--
INFO: Run Behavior\ContentReplaceBehavior [ RunTime:0.000000s ]
INFO: [ template_filter ] --END-- [ RunTime:0.000000s ]
SQL: SHOW COLUMNS FROM `pk_menu` [ RunTime:0.0030s ]
SQL: SELECT * FROM `pk_menu` WHERE ( stat=0 ) ORDER BY id asc  [ RunTime:0.0000s ]
SQL: SELECT * FROM `pk_menu` WHERE ( stat=1 )  [ RunTime:0.0000s ]
SQL: SELECT * FROM `pk_menu` WHERE ( stat=2 )  [ RunTime:0.0010s ]
SQL: SELECT * FROM `pk_menu` WHERE ( stat=3 )  [ RunTime:0.0000s ]
SQL: SELECT * FROM `pk_menu` WHERE ( stat=4 )  [ RunTime:0.0000s ]
SQL: SELECT * FROM `pk_menu` WHERE ( stat=5 )  [ RunTime:0.0010s ]
SQL: SELECT * FROM `pk_menu` WHERE ( stat=6 )  [ RunTime:0.0000s ]
SQL: SELECT * FROM `pk_menu` WHERE ( stat=32 )  [ RunTime:0.0000s ]
INFO: Run Behavior\ParseTemplateBehavior [ RunTime:0.018000s ]
INFO: [ view_parse ] --END-- [ RunTime:0.018000s ]
INFO: [ view_filter ] --START--
INFO: Run Behavior\WriteHtmlCacheBehavior [ RunTime:0.001000s ]
INFO: [ view_filter ] --END-- [ RunTime:0.001000s ]
INFO: [ app_end ] --START--
INFO: Run Behavior\ShowPageTraceBehavior [ RunTime:0.001000s ]
INFO: [ app_end ] --END-- [ RunTime:0.001000s ]

[ 2018-01-29T13:55:05+08:00 ] 192.168.2.2 /home/Yewu/index.html?id=3
INFO: [ app_init ] --START--
INFO: Run Behavior\BuildLiteBehavior [ RunTime:0.000000s ]
INFO: [ app_init ] --END-- [ RunTime:0.001000s ]
INFO: [ app_begin ] --START--
INFO: Run Behavior\ReadHtmlCacheBehavior [ RunTime:0.001000s ]
INFO: [ app_begin ] --END-- [ RunTime:0.001000s ]
SQL: SHOW COLUMNS FROM `pk_jbsz` [ RunTime:0.0030s ]
SQL: SELECT * FROM `pk_jbsz` LIMIT 1   [ RunTime:0.0010s ]
SQL: SHOW COLUMNS FROM `pk_yewu` [ RunTime:0.0030s ]
SQL: SELECT * FROM `pk_yewu`  [ RunTime:0.0000s ]
SQL: SELECT * FROM `pk_jbsz`  [ RunTime:0.0000s ]
SQL: SHOW COLUMNS FROM `pk_jtyw` [ RunTime:0.0030s ]
SQL: SELECT * FROM `pk_jtyw`  [ RunTime:0.0020s ]
SQL: SHOW COLUMNS FROM `pk_yewu_index` [ RunTime:0.0030s ]
SQL: SELECT * FROM `pk_yewu_index` LIMIT 1   [ RunTime:0.0000s ]
INFO: [ view_parse ] --START--
INFO: [ template_filter ] --START--
INFO: Run Behavior\ContentReplaceBehavior [ RunTime:0.000000s ]
INFO: [ template_filter ] --END-- [ RunTime:0.000000s ]
SQL: SHOW COLUMNS FROM `pk_menu` [ RunTime:0.0020s ]
SQL: SELECT * FROM `pk_menu` WHERE ( stat=0 ) ORDER BY id asc  [ RunTime:0.0000s ]
SQL: SELECT * FROM `pk_menu` WHERE ( stat=1 )  [ RunTime:0.0000s ]
SQL: SELECT * FROM `pk_menu` WHERE ( stat=2 )  [ RunTime:0.0010s ]
SQL: SELECT * FROM `pk_menu` WHERE ( stat=3 )  [ RunTime:0.0000s ]
SQL: SELECT * FROM `pk_menu` WHERE ( stat=4 )  [ RunTime:0.0000s ]
SQL: SELECT * FROM `pk_menu` WHERE ( stat=5 )  [ RunTime:0.0010s ]
SQL: SELECT * FROM `pk_menu` WHERE ( stat=6 )  [ RunTime:0.0000s ]
SQL: SELECT * FROM `pk_menu` WHERE ( stat=32 )  [ RunTime:0.0000s ]
INFO: Run Behavior\ParseTemplateBehavior [ RunTime:0.017000s ]
INFO: [ view_parse ] --END-- [ RunTime:0.017000s ]
INFO: [ view_filter ] --START--
INFO: Run Behavior\WriteHtmlCacheBehavior [ RunTime:0.001000s ]
INFO: [ view_filter ] --END-- [ RunTime:0.001000s ]
INFO: [ app_end ] --START--
INFO: Run Behavior\ShowPageTraceBehavior [ RunTime:0.001000s ]
INFO: [ app_end ] --END-- [ RunTime:0.001000s ]

[ 2018-01-29T13:55:07+08:00 ] 192.168.2.2 /home/Mokuai/rencai.html?id=4
INFO: [ app_init ] --START--
INFO: Run Behavior\BuildLiteBehavior [ RunTime:0.000000s ]
INFO: [ app_init ] --END-- [ RunTime:0.001000s ]
INFO: [ app_begin ] --START--
INFO: Run Behavior\ReadHtmlCacheBehavior [ RunTime:0.001000s ]
INFO: [ app_begin ] --END-- [ RunTime:0.001000s ]
SQL: SHOW COLUMNS FROM `pk_jbsz` [ RunTime:0.0030s ]
SQL: SELECT * FROM `pk_jbsz` LIMIT 1   [ RunTime:0.0000s ]
SQL: SHOW COLUMNS FROM `pk_rencai` [ RunTime:0.0020s ]
SQL: SELECT * FROM `pk_rencai`  [ RunTime:0.0010s ]
SQL: SELECT * FROM `pk_jbsz`  [ RunTime:0.0000s ]
SQL: SHOW COLUMNS FROM `pk_jtyw` [ RunTime:0.0030s ]
SQL: SELECT * FROM `pk_jtyw`  [ RunTime:0.0080s ]
SQL: SHOW COLUMNS FROM `pk_rcfa` [ RunTime:0.0030s ]
SQL: SELECT * FROM `pk_rcfa` WHERE ( code=1 ) LIMIT 1   [ RunTime:0.0010s ]
INFO: [ view_parse ] --START--
INFO: [ template_filter ] --START--
INFO: Run Behavior\ContentReplaceBehavior [ RunTime:0.000000s ]
INFO: [ template_filter ] --END-- [ RunTime:0.000000s ]
SQL: SHOW COLUMNS FROM `pk_menu` [ RunTime:0.0030s ]
SQL: SELECT * FROM `pk_menu` WHERE ( stat=0 ) ORDER BY id asc  [ RunTime:0.0000s ]
SQL: SELECT * FROM `pk_menu` WHERE ( stat=1 )  [ RunTime:0.0000s ]
SQL: SELECT * FROM `pk_menu` WHERE ( stat=2 )  [ RunTime:0.0010s ]
SQL: SELECT * FROM `pk_menu` WHERE ( stat=3 )  [ RunTime:0.0000s ]
SQL: SELECT * FROM `pk_menu` WHERE ( stat=4 )  [ RunTime:0.0000s ]
SQL: SELECT * FROM `pk_menu` WHERE ( stat=5 )  [ RunTime:0.0010s ]
SQL: SELECT * FROM `pk_menu` WHERE ( stat=6 )  [ RunTime:0.0010s ]
SQL: SELECT * FROM `pk_menu` WHERE ( stat=32 )  [ RunTime:0.0000s ]
INFO: Run Behavior\ParseTemplateBehavior [ RunTime:0.016000s ]
INFO: [ view_parse ] --END-- [ RunTime:0.016000s ]
INFO: [ view_filter ] --START--
INFO: Run Behavior\WriteHtmlCacheBehavior [ RunTime:0.000000s ]
INFO: [ view_filter ] --END-- [ RunTime:0.001000s ]
INFO: [ app_end ] --START--
INFO: Run Behavior\ShowPageTraceBehavior [ RunTime:0.000000s ]
INFO: [ app_end ] --END-- [ RunTime:0.001000s ]

[ 2018-01-29T13:55:08+08:00 ] 192.168.2.2 /home/New/news.html?id=2
INFO: [ app_init ] --START--
INFO: Run Behavior\BuildLiteBehavior [ RunTime:0.000000s ]
INFO: [ app_init ] --END-- [ RunTime:0.001000s ]
INFO: [ app_begin ] --START--
INFO: Run Behavior\ReadHtmlCacheBehavior [ RunTime:0.000000s ]
INFO: [ app_begin ] --END-- [ RunTime:0.002000s ]
SQL: SHOW COLUMNS FROM `pk_jbsz` [ RunTime:0.0030s ]
SQL: SELECT * FROM `pk_jbsz` LIMIT 1   [ RunTime:0.0010s ]
SQL: SHOW COLUMNS FROM `pk_jtyw` [ RunTime:0.0020s ]
SQL: SELECT * FROM `pk_jtyw` WHERE ( code = 1 and stat=1 ) ORDER BY edittime desc LIMIT 1,5   [ RunTime:0.0010s ]
SQL: SHOW COLUMNS FROM `pk_hydt` [ RunTime:0.0020s ]
SQL: SELECT * FROM `pk_hydt` WHERE ( code = 1 ) ORDER BY edittime desc  [ RunTime:0.0010s ]
SQL: SHOW COLUMNS FROM `pk_xcp` [ RunTime:0.0030s ]
SQL: SELECT * FROM `pk_xcp` WHERE ( id = 1 ) LIMIT 1   [ RunTime:0.0010s ]
SQL: SELECT * FROM `pk_jtyw` WHERE ( code = 1 ) LIMIT 5   [ RunTime:0.0000s ]
SQL: SELECT * FROM `pk_jbsz`  [ RunTime:0.0000s ]
SQL: SELECT * FROM `pk_jtyw`  [ RunTime:0.0020s ]
SQL: SHOW COLUMNS FROM `pk_zhongxin` [ RunTime:0.0030s ]
SQL: SELECT * FROM `pk_zhongxin` WHERE ( id=1 ) LIMIT 1   [ RunTime:0.0000s ]
SQL: SELECT * FROM `pk_zhongxin` WHERE ( id=2 ) LIMIT 1   [ RunTime:0.0000s ]
INFO: [ view_parse ] --START--
INFO: [ template_filter ] --START--
INFO: Run Behavior\ContentReplaceBehavior [ RunTime:0.000000s ]
INFO: [ template_filter ] --END-- [ RunTime:0.000000s ]
SQL: SHOW COLUMNS FROM `pk_menu` [ RunTime:0.0020s ]
SQL: SELECT * FROM `pk_menu` WHERE ( stat=0 ) ORDER BY id asc  [ RunTime:0.0000s ]
SQL: SELECT * FROM `pk_menu` WHERE ( stat=1 )  [ RunTime:0.0010s ]
SQL: SELECT * FROM `pk_menu` WHERE ( stat=2 )  [ RunTime:0.0000s ]
SQL: SELECT * FROM `pk_menu` WHERE ( stat=3 )  [ RunTime:0.0000s ]
SQL: SELECT * FROM `pk_menu` WHERE ( stat=4 )  [ RunTime:0.0000s ]
SQL: SELECT * FROM `pk_menu` WHERE ( stat=5 )  [ RunTime:0.0010s ]
SQL: SELECT * FROM `pk_menu` WHERE ( stat=6 )  [ RunTime:0.0000s ]
SQL: SELECT * FROM `pk_menu` WHERE ( stat=32 )  [ RunTime:0.0000s ]
INFO: Run Behavior\ParseTemplateBehavior [ RunTime:0.021000s ]
INFO: [ view_parse ] --END-- [ RunTime:0.021000s ]
INFO: [ view_filter ] --START--
INFO: Run Behavior\WriteHtmlCacheBehavior [ RunTime:0.000000s ]
INFO: [ view_filter ] --END-- [ RunTime:0.000000s ]
INFO: [ app_end ] --START--
INFO: Run Behavior\ShowPageTraceBehavior [ RunTime:0.000000s ]
INFO: [ app_end ] --END-- [ RunTime:0.001000s ]

[ 2018-01-29T13:55:10+08:00 ] 192.168.2.2 /home/New/news_industry.html?id=12
INFO: [ app_init ] --START--
INFO: Run Behavior\BuildLiteBehavior [ RunTime:0.000000s ]
INFO: [ app_init ] --END-- [ RunTime:0.001000s ]
INFO: [ app_begin ] --START--
INFO: Run Behavior\ReadHtmlCacheBehavior [ RunTime:0.001000s ]
INFO: [ app_begin ] --END-- [ RunTime:0.001000s ]
SQL: SHOW COLUMNS FROM `pk_jbsz` [ RunTime:0.0030s ]
SQL: SELECT * FROM `pk_jbsz` LIMIT 1   [ RunTime:0.0010s ]
SQL: SHOW COLUMNS FROM `pk_hydt` [ RunTime:0.0020s ]
SQL: SELECT COUNT(*) AS tp_count FROM `pk_hydt` WHERE ( code = 1 and stat = 1 ) LIMIT 1   [ RunTime:0.0000s ]
SQL: SELECT * FROM `pk_hydt` WHERE ( code = 1 and stat = 1 ) ORDER BY id_id asc LIMIT 0,20   [ RunTime:0.0000s ]
SQL: SELECT * FROM `pk_jbsz`  [ RunTime:0.0000s ]
SQL: SHOW COLUMNS FROM `pk_jtyw` [ RunTime:0.0030s ]
SQL: SELECT * FROM `pk_jtyw`  [ RunTime:0.0010s ]
SQL: SHOW COLUMNS FROM `pk_zc_tl` [ RunTime:0.0020s ]
SQL: SELECT * FROM `pk_zc_tl` WHERE ( code=1 ) LIMIT 1   [ RunTime:0.0010s ]
INFO: [ view_parse ] --START--
INFO: [ template_filter ] --START--
INFO: Run Behavior\ContentReplaceBehavior [ RunTime:0.000000s ]
INFO: [ template_filter ] --END-- [ RunTime:0.000000s ]
SQL: SHOW COLUMNS FROM `pk_menu` [ RunTime:0.0020s ]
SQL: SELECT * FROM `pk_menu` WHERE ( stat=0 ) ORDER BY id asc  [ RunTime:0.0000s ]
SQL: SELECT * FROM `pk_menu` WHERE ( stat=1 )  [ RunTime:0.0010s ]
SQL: SELECT * FROM `pk_menu` WHERE ( stat=2 )  [ RunTime:0.0000s ]
SQL: SELECT * FROM `pk_menu` WHERE ( stat=3 )  [ RunTime:0.0000s ]
SQL: SELECT * FROM `pk_menu` WHERE ( stat=4 )  [ RunTime:0.0010s ]
SQL: SELECT * FROM `pk_menu` WHERE ( stat=5 )  [ RunTime:0.0000s ]
SQL: SELECT * FROM `pk_menu` WHERE ( stat=6 )  [ RunTime:0.0000s ]
SQL: SELECT * FROM `pk_menu` WHERE ( stat=32 )  [ RunTime:0.0010s ]
NOTIC: [8] Undefined variable: idd D:\wamp\www\pk\Application\Runtime\Cache\Home\c5032a12a56055ee3a625a3c8aa7aab0.php 第 58 行.
NOTIC: [8] Undefined variable: idd D:\wamp\www\pk\Application\Runtime\Cache\Home\c5032a12a56055ee3a625a3c8aa7aab0.php 第 58 行.
NOTIC: [8] Undefined variable: idd D:\wamp\www\pk\Application\Runtime\Cache\Home\c5032a12a56055ee3a625a3c8aa7aab0.php 第 58 行.
NOTIC: [8] Undefined variable: idd D:\wamp\www\pk\Application\Runtime\Cache\Home\c5032a12a56055ee3a625a3c8aa7aab0.php 第 58 行.
NOTIC: [8] Undefined variable: idd D:\wamp\www\pk\Application\Runtime\Cache\Home\c5032a12a56055ee3a625a3c8aa7aab0.php 第 58 行.
NOTIC: [8] Undefined variable: idd D:\wamp\www\pk\Application\Runtime\Cache\Home\c5032a12a56055ee3a625a3c8aa7aab0.php 第 58 行.
NOTIC: [8] Undefined variable: idd D:\wamp\www\pk\Application\Runtime\Cache\Home\c5032a12a56055ee3a625a3c8aa7aab0.php 第 58 行.
INFO: Run Behavior\ParseTemplateBehavior [ RunTime:0.020000s ]
INFO: [ view_parse ] --END-- [ RunTime:0.020000s ]
INFO: [ view_filter ] --START--
INFO: Run Behavior\WriteHtmlCacheBehavior [ RunTime:0.001000s ]
INFO: [ view_filter ] --END-- [ RunTime:0.001000s ]
INFO: [ app_end ] --START--
INFO: Run Behavior\ShowPageTraceBehavior [ RunTime:0.001000s ]
INFO: [ app_end ] --END-- [ RunTime:0.001000s ]

[ 2018-01-29T13:55:10+08:00 ] 192.168.2.2 /home/Yewu/index.html?id=3
INFO: [ app_init ] --START--
INFO: Run Behavior\BuildLiteBehavior [ RunTime:0.000000s ]
INFO: [ app_init ] --END-- [ RunTime:0.001000s ]
INFO: [ app_begin ] --START--
INFO: Run Behavior\ReadHtmlCacheBehavior [ RunTime:0.001000s ]
INFO: [ app_begin ] --END-- [ RunTime:0.002000s ]
SQL: SHOW COLUMNS FROM `pk_jbsz` [ RunTime:0.0030s ]
SQL: SELECT * FROM `pk_jbsz` LIMIT 1   [ RunTime:0.0000s ]
SQL: SHOW COLUMNS FROM `pk_yewu` [ RunTime:0.0040s ]
SQL: SELECT * FROM `pk_yewu`  [ RunTime:0.0000s ]
SQL: SELECT * FROM `pk_jbsz`  [ RunTime:0.0010s ]
SQL: SHOW COLUMNS FROM `pk_jtyw` [ RunTime:0.0040s ]
SQL: SELECT * FROM `pk_jtyw`  [ RunTime:0.0070s ]
SQL: SHOW COLUMNS FROM `pk_yewu_index` [ RunTime:0.0040s ]
SQL: SELECT * FROM `pk_yewu_index` LIMIT 1   [ RunTime:0.0000s ]
INFO: [ view_parse ] --START--
INFO: [ template_filter ] --START--
INFO: Run Behavior\ContentReplaceBehavior [ RunTime:0.000000s ]
INFO: [ template_filter ] --END-- [ RunTime:0.001000s ]
SQL: SHOW COLUMNS FROM `pk_menu` [ RunTime:0.0030s ]
SQL: SELECT * FROM `pk_menu` WHERE ( stat=0 ) ORDER BY id asc  [ RunTime:0.0000s ]
SQL: SELECT * FROM `pk_menu` WHERE ( stat=1 )  [ RunTime:0.0000s ]
SQL: SELECT * FROM `pk_menu` WHERE ( stat=2 )  [ RunTime:0.0000s ]
SQL: SELECT * FROM `pk_menu` WHERE ( stat=3 )  [ RunTime:0.0010s ]
SQL: SELECT * FROM `pk_menu` WHERE ( stat=4 )  [ RunTime:0.0000s ]
SQL: SELECT * FROM `pk_menu` WHERE ( stat=5 )  [ RunTime:0.0010s ]
SQL: SELECT * FROM `pk_menu` WHERE ( stat=6 )  [ RunTime:0.0000s ]
SQL: SELECT * FROM `pk_menu` WHERE ( stat=32 )  [ RunTime:0.0000s ]
INFO: Run Behavior\ParseTemplateBehavior [ RunTime:0.020000s ]
INFO: [ view_parse ] --END-- [ RunTime:0.020000s ]
INFO: [ view_filter ] --START--
INFO: Run Behavior\WriteHtmlCacheBehavior [ RunTime:0.000000s ]
INFO: [ view_filter ] --END-- [ RunTime:0.001000s ]
INFO: [ app_end ] --START--
INFO: Run Behavior\ShowPageTraceBehavior [ RunTime:0.000000s ]
INFO: [ app_end ] --END-- [ RunTime:0.000000s ]

[ 2018-01-29T13:55:12+08:00 ] 192.168.2.2 /home/Yewu/business_health.html?id=13
INFO: [ app_init ] --START--
INFO: Run Behavior\BuildLiteBehavior [ RunTime:0.000000s ]
INFO: [ app_init ] --END-- [ RunTime:0.001000s ]
INFO: [ app_begin ] --START--
INFO: Run Behavior\ReadHtmlCacheBehavior [ RunTime:0.001000s ]
INFO: [ app_begin ] --END-- [ RunTime:0.002000s ]
SQL: SHOW COLUMNS FROM `pk_jbsz` [ RunTime:0.0030s ]
SQL: SELECT * FROM `pk_jbsz` LIMIT 1   [ RunTime:0.0010s ]
SQL: SELECT * FROM `pk_jbsz`  [ RunTime:0.0000s ]
SQL: SHOW COLUMNS FROM `pk_jtyw` [ RunTime:0.0030s ]
SQL: SELECT * FROM `pk_jtyw`  [ RunTime:0.0020s ]
SQL: SHOW COLUMNS FROM `pk_yewu_djkcy` [ RunTime:0.0030s ]
SQL: SELECT * FROM `pk_yewu_djkcy` LIMIT 1   [ RunTime:0.0000s ]
INFO: [ view_parse ] --START--
INFO: [ template_filter ] --START--
INFO: Run Behavior\ContentReplaceBehavior [ RunTime:0.000000s ]
INFO: [ template_filter ] --END-- [ RunTime:0.001000s ]
SQL: SHOW COLUMNS FROM `pk_menu` [ RunTime:0.0020s ]
SQL: SELECT * FROM `pk_menu` WHERE ( stat=0 ) ORDER BY id asc  [ RunTime:0.0000s ]
SQL: SELECT * FROM `pk_menu` WHERE ( stat=1 )  [ RunTime:0.0010s ]
SQL: SELECT * FROM `pk_menu` WHERE ( stat=2 )  [ RunTime:0.0010s ]
SQL: SELECT * FROM `pk_menu` WHERE ( stat=3 )  [ RunTime:0.0010s ]
SQL: SELECT * FROM `pk_menu` WHERE ( stat=4 )  [ RunTime:0.0000s ]
SQL: SELECT * FROM `pk_menu` WHERE ( stat=5 )  [ RunTime:0.0000s ]
SQL: SELECT * FROM `pk_menu` WHERE ( stat=6 )  [ RunTime:0.0010s ]
SQL: SELECT * FROM `pk_menu` WHERE ( stat=32 )  [ RunTime:0.0000s ]
NOTIC: [8] Undefined variable: idd D:\wamp\www\pk\Application\Runtime\Cache\Home\199cc83d09089c23ae4da1dd7852db74.php 第 55 行.
NOTIC: [8] Undefined variable: idd D:\wamp\www\pk\Application\Runtime\Cache\Home\199cc83d09089c23ae4da1dd7852db74.php 第 55 行.
NOTIC: [8] Undefined variable: idd D:\wamp\www\pk\Application\Runtime\Cache\Home\199cc83d09089c23ae4da1dd7852db74.php 第 55 行.
NOTIC: [8] Undefined variable: idd D:\wamp\www\pk\Application\Runtime\Cache\Home\199cc83d09089c23ae4da1dd7852db74.php 第 55 行.
NOTIC: [8] Undefined variable: idd D:\wamp\www\pk\Application\Runtime\Cache\Home\199cc83d09089c23ae4da1dd7852db74.php 第 55 行.
NOTIC: [8] Undefined variable: idd D:\wamp\www\pk\Application\Runtime\Cache\Home\199cc83d09089c23ae4da1dd7852db74.php 第 55 行.
NOTIC: [8] Undefined variable: idd D:\wamp\www\pk\Application\Runtime\Cache\Home\199cc83d09089c23ae4da1dd7852db74.php 第 55 行.
INFO: Run Behavior\ParseTemplateBehavior [ RunTime:0.017000s ]
INFO: [ view_parse ] --END-- [ RunTime:0.017000s ]
INFO: [ view_filter ] --START--
INFO: Run Behavior\WriteHtmlCacheBehavior [ RunTime:0.001000s ]
INFO: [ view_filter ] --END-- [ RunTime:0.001000s ]
INFO: [ app_end ] --START--
INFO: Run Behavior\ShowPageTraceBehavior [ RunTime:0.001000s ]
INFO: [ app_end ] --END-- [ RunTime:0.001000s ]

[ 2018-01-29T13:55:18+08:00 ] 192.168.2.2 /?id=1
INFO: [ app_init ] --START--
INFO: Run Behavior\BuildLiteBehavior [ RunTime:0.001000s ]
INFO: [ app_init ] --END-- [ RunTime:0.002000s ]
INFO: [ app_begin ] --START--
INFO: Run Behavior\ReadHtmlCacheBehavior [ RunTime:0.001000s ]
INFO: [ app_begin ] --END-- [ RunTime:0.001000s ]
SQL: SHOW COLUMNS FROM `pk_jbsz` [ RunTime:0.0020s ]
SQL: SELECT * FROM `pk_jbsz` LIMIT 1   [ RunTime:0.0000s ]
SQL: SHOW COLUMNS FROM `pk_slider` [ RunTime:0.0030s ]
SQL: SELECT * FROM `pk_slider`  [ RunTime:0.0010s ]
SQL: SELECT * FROM `pk_slider` WHERE ( id=2 ) LIMIT 1   [ RunTime:0.0000s ]
SQL: SELECT * FROM `pk_jbsz`  [ RunTime:0.0000s ]
SQL: SHOW COLUMNS FROM `pk_jtyw` [ RunTime:0.0030s ]
SQL: SELECT * FROM `pk_jtyw`  [ RunTime:0.0020s ]
INFO: [ view_parse ] --START--
INFO: [ template_filter ] --START--
INFO: Run Behavior\ContentReplaceBehavior [ RunTime:0.000000s ]
INFO: [ template_filter ] --END-- [ RunTime:0.001000s ]
SQL: SHOW COLUMNS FROM `pk_menu` [ RunTime:0.0030s ]
SQL: SELECT * FROM `pk_menu` WHERE ( stat=0 ) ORDER BY id asc  [ RunTime:0.0010s ]
SQL: SELECT * FROM `pk_menu` WHERE ( stat=1 )  [ RunTime:0.0000s ]
SQL: SELECT * FROM `pk_menu` WHERE ( stat=2 )  [ RunTime:0.0000s ]
SQL: SELECT * FROM `pk_menu` WHERE ( stat=3 )  [ RunTime:0.0010s ]
SQL: SELECT * FROM `pk_menu` WHERE ( stat=4 )  [ RunTime:0.0000s ]
SQL: SELECT * FROM `pk_menu` WHERE ( stat=5 )  [ RunTime:0.0000s ]
SQL: SELECT * FROM `pk_menu` WHERE ( stat=6 )  [ RunTime:0.0000s ]
SQL: SELECT * FROM `pk_menu` WHERE ( stat=32 )  [ RunTime:0.0000s ]
NOTIC: [8] Use of undefined constant title - assumed 'title' D:\wamp\www\pk\Application\Runtime\Cache\Home\2a94b8bda04ff446dcedd42276fc99ee.php 第 132 行.
NOTIC: [8] Use of undefined constant title - assumed 'title' D:\wamp\www\pk\Application\Runtime\Cache\Home\2a94b8bda04ff446dcedd42276fc99ee.php 第 132 行.
NOTIC: [8] Use of undefined constant title - assumed 'title' D:\wamp\www\pk\Application\Runtime\Cache\Home\2a94b8bda04ff446dcedd42276fc99ee.php 第 132 行.
NOTIC: [8] Use of undefined constant title - assumed 'title' D:\wamp\www\pk\Application\Runtime\Cache\Home\2a94b8bda04ff446dcedd42276fc99ee.php 第 132 行.
NOTIC: [8] Use of undefined constant title - assumed 'title' D:\wamp\www\pk\Application\Runtime\Cache\Home\2a94b8bda04ff446dcedd42276fc99ee.php 第 132 行.
INFO: Run Behavior\ParseTemplateBehavior [ RunTime:0.018000s ]
INFO: [ view_parse ] --END-- [ RunTime:0.019000s ]
INFO: [ view_filter ] --START--
INFO: Run Behavior\WriteHtmlCacheBehavior [ RunTime:0.000000s ]
INFO: [ view_filter ] --END-- [ RunTime:0.000000s ]
INFO: [ app_end ] --START--
INFO: Run Behavior\ShowPageTraceBehavior [ RunTime:0.001000s ]
INFO: [ app_end ] --END-- [ RunTime:0.001000s ]

[ 2018-01-29T13:55:26+08:00 ] 192.168.2.2 /index.php/Home/index.html
INFO: [ app_init ] --START--
INFO: Run Behavior\BuildLiteBehavior [ RunTime:0.000000s ]
INFO: [ app_init ] --END-- [ RunTime:0.000000s ]
INFO: [ app_begin ] --START--
INFO: Run Behavior\ReadHtmlCacheBehavior [ RunTime:0.001000s ]
INFO: [ app_begin ] --END-- [ RunTime:0.001000s ]
SQL: SHOW COLUMNS FROM `pk_jbsz` [ RunTime:0.0030s ]
SQL: SELECT * FROM `pk_jbsz` LIMIT 1   [ RunTime:0.0010s ]
SQL: SHOW COLUMNS FROM `pk_slider` [ RunTime:0.0020s ]
SQL: SELECT * FROM `pk_slider`  [ RunTime:0.0000s ]
SQL: SELECT * FROM `pk_slider` WHERE ( id=2 ) LIMIT 1   [ RunTime:0.0010s ]
SQL: SELECT * FROM `pk_jbsz`  [ RunTime:0.0000s ]
SQL: SHOW COLUMNS FROM `pk_jtyw` [ RunTime:0.0020s ]
SQL: SELECT * FROM `pk_jtyw`  [ RunTime:0.0010s ]
INFO: [ view_parse ] --START--
INFO: [ template_filter ] --START--
INFO: Run Behavior\ContentReplaceBehavior [ RunTime:0.001000s ]
INFO: [ template_filter ] --END-- [ RunTime:0.001000s ]
SQL: SHOW COLUMNS FROM `pk_menu` [ RunTime:0.0030s ]
SQL: SELECT * FROM `pk_menu` WHERE ( stat=0 ) ORDER BY id asc  [ RunTime:0.0000s ]
SQL: SELECT * FROM `pk_menu` WHERE ( stat=1 )  [ RunTime:0.0000s ]
SQL: SELECT * FROM `pk_menu` WHERE ( stat=2 )  [ RunTime:0.0000s ]
SQL: SELECT * FROM `pk_menu` WHERE ( stat=3 )  [ RunTime:0.0000s ]
SQL: SELECT * FROM `pk_menu` WHERE ( stat=4 )  [ RunTime:0.0000s ]
SQL: SELECT * FROM `pk_menu` WHERE ( stat=5 )  [ RunTime:0.0000s ]
SQL: SELECT * FROM `pk_menu` WHERE ( stat=6 )  [ RunTime:0.0010s ]
SQL: SELECT * FROM `pk_menu` WHERE ( stat=32 )  [ RunTime:0.0000s ]
NOTIC: [8] Undefined variable: idd D:\wamp\www\pk\Application\Runtime\Cache\Home\2a94b8bda04ff446dcedd42276fc99ee.php 第 83 行.
NOTIC: [8] Undefined variable: idd D:\wamp\www\pk\Application\Runtime\Cache\Home\2a94b8bda04ff446dcedd42276fc99ee.php 第 83 行.
NOTIC: [8] Undefined variable: idd D:\wamp\www\pk\Application\Runtime\Cache\Home\2a94b8bda04ff446dcedd42276fc99ee.php 第 83 行.
NOTIC: [8] Undefined variable: idd D:\wamp\www\pk\Application\Runtime\Cache\Home\2a94b8bda04ff446dcedd42276fc99ee.php 第 83 行.
NOTIC: [8] Undefined variable: idd D:\wamp\www\pk\Application\Runtime\Cache\Home\2a94b8bda04ff446dcedd42276fc99ee.php 第 83 行.
NOTIC: [8] Undefined variable: idd D:\wamp\www\pk\Application\Runtime\Cache\Home\2a94b8bda04ff446dcedd42276fc99ee.php 第 83 行.
NOTIC: [8] Undefined variable: idd D:\wamp\www\pk\Application\Runtime\Cache\Home\2a94b8bda04ff446dcedd42276fc99ee.php 第 83 行.
NOTIC: [8] Use of undefined constant title - assumed 'title' D:\wamp\www\pk\Application\Runtime\Cache\Home\2a94b8bda04ff446dcedd42276fc99ee.php 第 132 行.
NOTIC: [8] Use of undefined constant title - assumed 'title' D:\wamp\www\pk\Application\Runtime\Cache\Home\2a94b8bda04ff446dcedd42276fc99ee.php 第 132 行.
NOTIC: [8] Use of undefined constant title - assumed 'title' D:\wamp\www\pk\Application\Runtime\Cache\Home\2a94b8bda04ff446dcedd42276fc99ee.php 第 132 行.
NOTIC: [8] Use of undefined constant title - assumed 'title' D:\wamp\www\pk\Application\Runtime\Cache\Home\2a94b8bda04ff446dcedd42276fc99ee.php 第 132 行.
NOTIC: [8] Use of undefined constant title - assumed 'title' D:\wamp\www\pk\Application\Runtime\Cache\Home\2a94b8bda04ff446dcedd42276fc99ee.php 第 132 行.
INFO: Run Behavior\ParseTemplateBehavior [ RunTime:0.019000s ]
INFO: [ view_parse ] --END-- [ RunTime:0.019000s ]
INFO: [ view_filter ] --START--
INFO: Run Behavior\WriteHtmlCacheBehavior [ RunTime:0.001000s ]
INFO: [ view_filter ] --END-- [ RunTime:0.001000s ]
INFO: [ app_end ] --START--
INFO: Run Behavior\ShowPageTraceBehavior [ RunTime:0.001000s ]
INFO: [ app_end ] --END-- [ RunTime:0.001000s ]

[ 2018-01-29T13:55:26+08:00 ] 192.168.2.2 /index.php/Home/Public/Home/img/41.png
INFO: [ app_init ] --START--
INFO: Run Behavior\BuildLiteBehavior [ RunTime:0.000000s ]
INFO: [ app_init ] --END-- [ RunTime:0.001000s ]

[ 2018-01-29T13:55:26+08:00 ] 192.168.2.2 /home/New/news.html?id=2
INFO: [ app_init ] --START--
INFO: Run Behavior\BuildLiteBehavior [ RunTime:0.000000s ]
INFO: [ app_init ] --END-- [ RunTime:0.001000s ]
INFO: [ app_begin ] --START--
INFO: Run Behavior\ReadHtmlCacheBehavior [ RunTime:0.001000s ]
INFO: [ app_begin ] --END-- [ RunTime:0.001000s ]
SQL: SHOW COLUMNS FROM `pk_jbsz` [ RunTime:0.0050s ]
SQL: SELECT * FROM `pk_jbsz` LIMIT 1   [ RunTime:0.0010s ]
SQL: SHOW COLUMNS FROM `pk_jtyw` [ RunTime:0.0030s ]
SQL: SELECT * FROM `pk_jtyw` WHERE ( code = 1 and stat=1 ) ORDER BY edittime desc LIMIT 1,5   [ RunTime:0.0010s ]
SQL: SHOW COLUMNS FROM `pk_hydt` [ RunTime:0.0020s ]
SQL: SELECT * FROM `pk_hydt` WHERE ( code = 1 ) ORDER BY edittime desc  [ RunTime:0.0010s ]
SQL: SHOW COLUMNS FROM `pk_xcp` [ RunTime:0.0030s ]
SQL: SELECT * FROM `pk_xcp` WHERE ( id = 1 ) LIMIT 1   [ RunTime:0.0000s ]
SQL: SELECT * FROM `pk_jtyw` WHERE ( code = 1 ) LIMIT 5   [ RunTime:0.0000s ]
SQL: SELECT * FROM `pk_jbsz`  [ RunTime:0.0000s ]
SQL: SELECT * FROM `pk_jtyw`  [ RunTime:0.0020s ]
SQL: SHOW COLUMNS FROM `pk_zhongxin` [ RunTime:0.0030s ]
SQL: SELECT * FROM `pk_zhongxin` WHERE ( id=1 ) LIMIT 1   [ RunTime:0.0000s ]
SQL: SELECT * FROM `pk_zhongxin` WHERE ( id=2 ) LIMIT 1   [ RunTime:0.0000s ]
INFO: [ view_parse ] --START--
INFO: [ template_filter ] --START--
INFO: Run Behavior\ContentReplaceBehavior [ RunTime:0.000000s ]
INFO: [ template_filter ] --END-- [ RunTime:0.000000s ]
SQL: SHOW COLUMNS FROM `pk_menu` [ RunTime:0.0030s ]
SQL: SELECT * FROM `pk_menu` WHERE ( stat=0 ) ORDER BY id asc  [ RunTime:0.0010s ]
SQL: SELECT * FROM `pk_menu` WHERE ( stat=1 )  [ RunTime:0.0010s ]
SQL: SELECT * FROM `pk_menu` WHERE ( stat=2 )  [ RunTime:0.0000s ]
SQL: SELECT * FROM `pk_menu` WHERE ( stat=3 )  [ RunTime:0.0000s ]
SQL: SELECT * FROM `pk_menu` WHERE ( stat=4 )  [ RunTime:0.0010s ]
SQL: SELECT * FROM `pk_menu` WHERE ( stat=5 )  [ RunTime:0.0010s ]
SQL: SELECT * FROM `pk_menu` WHERE ( stat=6 )  [ RunTime:0.0010s ]
SQL: SELECT * FROM `pk_menu` WHERE ( stat=32 )  [ RunTime:0.0010s ]
INFO: Run Behavior\ParseTemplateBehavior [ RunTime:0.027000s ]
INFO: [ view_parse ] --END-- [ RunTime:0.027000s ]
INFO: [ view_filter ] --START--
INFO: Run Behavior\WriteHtmlCacheBehavior [ RunTime:0.001000s ]
INFO: [ view_filter ] --END-- [ RunTime:0.001000s ]
INFO: [ app_end ] --START--
INFO: Run Behavior\ShowPageTraceBehavior [ RunTime:0.001000s ]
INFO: [ app_end ] --END-- [ RunTime:0.001000s ]

[ 2018-01-29T13:55:28+08:00 ] 192.168.2.2 /?id=1
INFO: [ app_init ] --START--
INFO: Run Behavior\BuildLiteBehavior [ RunTime:0.000000s ]
INFO: [ app_init ] --END-- [ RunTime:0.001000s ]
INFO: [ app_begin ] --START--
INFO: Run Behavior\ReadHtmlCacheBehavior [ RunTime:0.001000s ]
INFO: [ app_begin ] --END-- [ RunTime:0.001000s ]
SQL: SHOW COLUMNS FROM `pk_jbsz` [ RunTime:0.0040s ]
SQL: SELECT * FROM `pk_jbsz` LIMIT 1   [ RunTime:0.0000s ]
SQL: SHOW COLUMNS FROM `pk_slider` [ RunTime:0.0020s ]
SQL: SELECT * FROM `pk_slider`  [ RunTime:0.0000s ]
SQL: SELECT * FROM `pk_slider` WHERE ( id=2 ) LIMIT 1   [ RunTime:0.0000s ]
SQL: SELECT * FROM `pk_jbsz`  [ RunTime:0.0000s ]
SQL: SHOW COLUMNS FROM `pk_jtyw` [ RunTime:0.0030s ]
SQL: SELECT * FROM `pk_jtyw`  [ RunTime:0.0020s ]
INFO: [ view_parse ] --START--
INFO: [ template_filter ] --START--
INFO: Run Behavior\ContentReplaceBehavior [ RunTime:0.001000s ]
INFO: [ template_filter ] --END-- [ RunTime:0.001000s ]
SQL: SHOW COLUMNS FROM `pk_menu` [ RunTime:0.0020s ]
SQL: SELECT * FROM `pk_menu` WHERE ( stat=0 ) ORDER BY id asc  [ RunTime:0.0000s ]
SQL: SELECT * FROM `pk_menu` WHERE ( stat=1 )  [ RunTime:0.0000s ]
SQL: SELECT * FROM `pk_menu` WHERE ( stat=2 )  [ RunTime:0.0010s ]
SQL: SELECT * FROM `pk_menu` WHERE ( stat=3 )  [ RunTime:0.0000s ]
SQL: SELECT * FROM `pk_menu` WHERE ( stat=4 )  [ RunTime:0.0000s ]
SQL: SELECT * FROM `pk_menu` WHERE ( stat=5 )  [ RunTime:0.0010s ]
SQL: SELECT * FROM `pk_menu` WHERE ( stat=6 )  [ RunTime:0.0000s ]
SQL: SELECT * FROM `pk_menu` WHERE ( stat=32 )  [ RunTime:0.0000s ]
NOTIC: [8] Use of undefined constant title - assumed 'title' D:\wamp\www\pk\Application\Runtime\Cache\Home\2a94b8bda04ff446dcedd42276fc99ee.php 第 132 行.
NOTIC: [8] Use of undefined constant title - assumed 'title' D:\wamp\www\pk\Application\Runtime\Cache\Home\2a94b8bda04ff446dcedd42276fc99ee.php 第 132 行.
NOTIC: [8] Use of undefined constant title - assumed 'title' D:\wamp\www\pk\Application\Runtime\Cache\Home\2a94b8bda04ff446dcedd42276fc99ee.php 第 132 行.
NOTIC: [8] Use of undefined constant title - assumed 'title' D:\wamp\www\pk\Application\Runtime\Cache\Home\2a94b8bda04ff446dcedd42276fc99ee.php 第 132 行.
NOTIC: [8] Use of undefined constant title - assumed 'title' D:\wamp\www\pk\Application\Runtime\Cache\Home\2a94b8bda04ff446dcedd42276fc99ee.php 第 132 行.
INFO: Run Behavior\ParseTemplateBehavior [ RunTime:0.020000s ]
INFO: [ view_parse ] --END-- [ RunTime:0.020000s ]
INFO: [ view_filter ] --START--
INFO: Run Behavior\WriteHtmlCacheBehavior [ RunTime:0.000000s ]
INFO: [ view_filter ] --END-- [ RunTime:0.000000s ]
INFO: [ app_end ] --START--
INFO: Run Behavior\ShowPageTraceBehavior [ RunTime:0.001000s ]
INFO: [ app_end ] --END-- [ RunTime:0.001000s ]

[ 2018-01-29T13:55:29+08:00 ] 192.168.2.2 /home/New/news.html?id=2
INFO: [ app_init ] --START--
INFO: Run Behavior\BuildLiteBehavior [ RunTime:0.000000s ]
INFO: [ app_init ] --END-- [ RunTime:0.001000s ]
INFO: [ app_begin ] --START--
INFO: Run Behavior\ReadHtmlCacheBehavior [ RunTime:0.001000s ]
INFO: [ app_begin ] --END-- [ RunTime:0.001000s ]
SQL: SHOW COLUMNS FROM `pk_jbsz` [ RunTime:0.0060s ]
SQL: SELECT * FROM `pk_jbsz` LIMIT 1   [ RunTime:0.0010s ]
SQL: SHOW COLUMNS FROM `pk_jtyw` [ RunTime:0.0030s ]
SQL: SELECT * FROM `pk_jtyw` WHERE ( code = 1 and stat=1 ) ORDER BY edittime desc LIMIT 1,5   [ RunTime:0.0010s ]
SQL: SHOW COLUMNS FROM `pk_hydt` [ RunTime:0.0030s ]
SQL: SELECT * FROM `pk_hydt` WHERE ( code = 1 ) ORDER BY edittime desc  [ RunTime:0.0020s ]
SQL: SHOW COLUMNS FROM `pk_xcp` [ RunTime:0.0030s ]
SQL: SELECT * FROM `pk_xcp` WHERE ( id = 1 ) LIMIT 1   [ RunTime:0.0000s ]
SQL: SELECT * FROM `pk_jtyw` WHERE ( code = 1 ) LIMIT 5   [ RunTime:0.0000s ]
SQL: SELECT * FROM `pk_jbsz`  [ RunTime:0.0000s ]
SQL: SELECT * FROM `pk_jtyw`  [ RunTime:0.0020s ]
SQL: SHOW COLUMNS FROM `pk_zhongxin` [ RunTime:0.0030s ]
SQL: SELECT * FROM `pk_zhongxin` WHERE ( id=1 ) LIMIT 1   [ RunTime:0.0000s ]
SQL: SELECT * FROM `pk_zhongxin` WHERE ( id=2 ) LIMIT 1   [ RunTime:0.0000s ]
INFO: [ view_parse ] --START--
INFO: [ template_filter ] --START--
INFO: Run Behavior\ContentReplaceBehavior [ RunTime:0.000000s ]
INFO: [ template_filter ] --END-- [ RunTime:0.000000s ]
SQL: SHOW COLUMNS FROM `pk_menu` [ RunTime:0.0040s ]
SQL: SELECT * FROM `pk_menu` WHERE ( stat=0 ) ORDER BY id asc  [ RunTime:0.0010s ]
SQL: SELECT * FROM `pk_menu` WHERE ( stat=1 )  [ RunTime:0.0010s ]
SQL: SELECT * FROM `pk_menu` WHERE ( stat=2 )  [ RunTime:0.0010s ]
SQL: SELECT * FROM `pk_menu` WHERE ( stat=3 )  [ RunTime:0.0010s ]
SQL: SELECT * FROM `pk_menu` WHERE ( stat=4 )  [ RunTime:0.0010s ]
SQL: SELECT * FROM `pk_menu` WHERE ( stat=5 )  [ RunTime:0.0000s ]
SQL: SELECT * FROM `pk_menu` WHERE ( stat=6 )  [ RunTime:0.0000s ]
SQL: SELECT * FROM `pk_menu` WHERE ( stat=32 )  [ RunTime:0.0000s ]
INFO: Run Behavior\ParseTemplateBehavior [ RunTime:0.028000s ]
INFO: [ view_parse ] --END-- [ RunTime:0.028000s ]
INFO: [ view_filter ] --START--
INFO: Run Behavior\WriteHtmlCacheBehavior [ RunTime:0.000000s ]
INFO: [ view_filter ] --END-- [ RunTime:0.000000s ]
INFO: [ app_end ] --START--
INFO: Run Behavior\ShowPageTraceBehavior [ RunTime:0.001000s ]
INFO: [ app_end ] --END-- [ RunTime:0.001000s ]

[ 2018-01-29T13:57:27+08:00 ] 192.168.2.2 /?id=1
INFO: [ app_init ] --START--
INFO: Run Behavior\BuildLiteBehavior [ RunTime:0.000000s ]
INFO: [ app_init ] --END-- [ RunTime:0.000000s ]
INFO: [ app_begin ] --START--
INFO: Run Behavior\ReadHtmlCacheBehavior [ RunTime:0.000000s ]
INFO: [ app_begin ] --END-- [ RunTime:0.000000s ]
SQL: SHOW COLUMNS FROM `pk_jbsz` [ RunTime:0.0040s ]
SQL: SELECT * FROM `pk_jbsz` LIMIT 1   [ RunTime:0.0000s ]
SQL: SHOW COLUMNS FROM `pk_slider` [ RunTime:0.0030s ]
SQL: SELECT * FROM `pk_slider`  [ RunTime:0.0000s ]
SQL: SELECT * FROM `pk_slider` WHERE ( id=1 ) LIMIT 1   [ RunTime:0.0000s ]
SQL: SELECT * FROM `pk_jbsz`  [ RunTime:0.0010s ]
SQL: SHOW COLUMNS FROM `pk_jtyw` [ RunTime:0.0020s ]
SQL: SELECT * FROM `pk_jtyw`  [ RunTime:0.0010s ]
INFO: [ view_parse ] --START--
INFO: [ template_filter ] --START--
INFO: Run Behavior\ContentReplaceBehavior [ RunTime:0.000000s ]
INFO: [ template_filter ] --END-- [ RunTime:0.000000s ]
SQL: SHOW COLUMNS FROM `pk_menu` [ RunTime:0.0020s ]
SQL: SELECT * FROM `pk_menu` WHERE ( stat=0 ) ORDER BY id asc  [ RunTime:0.0010s ]
SQL: SELECT * FROM `pk_menu` WHERE ( stat=1 )  [ RunTime:0.0010s ]
SQL: SELECT * FROM `pk_menu` WHERE ( stat=2 )  [ RunTime:0.0000s ]
SQL: SELECT * FROM `pk_menu` WHERE ( stat=3 )  [ RunTime:0.0010s ]
SQL: SELECT * FROM `pk_menu` WHERE ( stat=4 )  [ RunTime:0.0000s ]
SQL: SELECT * FROM `pk_menu` WHERE ( stat=5 )  [ RunTime:0.0000s ]
SQL: SELECT * FROM `pk_menu` WHERE ( stat=6 )  [ RunTime:0.0000s ]
SQL: SELECT * FROM `pk_menu` WHERE ( stat=32 )  [ RunTime:0.0000s ]
NOTIC: [8] Use of undefined constant title - assumed 'title' D:\wamp\www\pk\Application\Runtime\Cache\Home\2a94b8bda04ff446dcedd42276fc99ee.php 第 132 行.
NOTIC: [8] Use of undefined constant title - assumed 'title' D:\wamp\www\pk\Application\Runtime\Cache\Home\2a94b8bda04ff446dcedd42276fc99ee.php 第 132 行.
NOTIC: [8] Use of undefined constant title - assumed 'title' D:\wamp\www\pk\Application\Runtime\Cache\Home\2a94b8bda04ff446dcedd42276fc99ee.php 第 132 行.
NOTIC: [8] Use of undefined constant title - assumed 'title' D:\wamp\www\pk\Application\Runtime\Cache\Home\2a94b8bda04ff446dcedd42276fc99ee.php 第 132 行.
NOTIC: [8] Use of undefined constant title - assumed 'title' D:\wamp\www\pk\Application\Runtime\Cache\Home\2a94b8bda04ff446dcedd42276fc99ee.php 第 132 行.
INFO: Run Behavior\ParseTemplateBehavior [ RunTime:0.021000s ]
INFO: [ view_parse ] --END-- [ RunTime:0.021000s ]
INFO: [ view_filter ] --START--
INFO: Run Behavior\WriteHtmlCacheBehavior [ RunTime:0.001000s ]
INFO: [ view_filter ] --END-- [ RunTime:0.001000s ]
INFO: [ app_end ] --START--
INFO: Run Behavior\ShowPageTraceBehavior [ RunTime:0.001000s ]
INFO: [ app_end ] --END-- [ RunTime:0.001000s ]

[ 2018-01-29T13:57:44+08:00 ] 192.168.2.2 /?id=1
INFO: [ app_init ] --START--
INFO: Run Behavior\BuildLiteBehavior [ RunTime:0.000000s ]
INFO: [ app_init ] --END-- [ RunTime:0.000000s ]
INFO: [ app_begin ] --START--
INFO: Run Behavior\ReadHtmlCacheBehavior [ RunTime:0.001000s ]
INFO: [ app_begin ] --END-- [ RunTime:0.001000s ]
SQL: SHOW COLUMNS FROM `pk_jbsz` [ RunTime:0.0030s ]
SQL: SELECT * FROM `pk_jbsz` LIMIT 1   [ RunTime:0.0000s ]
SQL: SHOW COLUMNS FROM `pk_slider` [ RunTime:0.0030s ]
SQL: SELECT * FROM `pk_slider`  [ RunTime:0.0000s ]
SQL: SELECT * FROM `pk_slider` WHERE ( id=1 ) LIMIT 1   [ RunTime:0.0000s ]
SQL: SELECT * FROM `pk_jbsz`  [ RunTime:0.0010s ]
SQL: SHOW COLUMNS FROM `pk_jtyw` [ RunTime:0.0030s ]
SQL: SELECT * FROM `pk_jtyw`  [ RunTime:0.0040s ]
INFO: [ view_parse ] --START--
INFO: [ template_filter ] --START--
INFO: Run Behavior\ContentReplaceBehavior [ RunTime:0.000000s ]
INFO: [ template_filter ] --END-- [ RunTime:0.000000s ]
SQL: SHOW COLUMNS FROM `pk_menu` [ RunTime:0.0020s ]
SQL: SELECT * FROM `pk_menu` WHERE ( stat=0 ) ORDER BY id asc  [ RunTime:0.0010s ]
SQL: SELECT * FROM `pk_menu` WHERE ( stat=1 )  [ RunTime:0.0000s ]
SQL: SELECT * FROM `pk_menu` WHERE ( stat=2 )  [ RunTime:0.0000s ]
SQL: SELECT * FROM `pk_menu` WHERE ( stat=3 )  [ RunTime:0.0010s ]
SQL: SELECT * FROM `pk_menu` WHERE ( stat=4 )  [ RunTime:0.0010s ]
SQL: SELECT * FROM `pk_menu` WHERE ( stat=5 )  [ RunTime:0.0000s ]
SQL: SELECT * FROM `pk_menu` WHERE ( stat=6 )  [ RunTime:0.0010s ]
SQL: SELECT * FROM `pk_menu` WHERE ( stat=32 )  [ RunTime:0.0000s ]
NOTIC: [8] Use of undefined constant title - assumed 'title' D:\wamp\www\pk\Application\Runtime\Cache\Home\2a94b8bda04ff446dcedd42276fc99ee.php 第 132 行.
NOTIC: [8] Use of undefined constant title - assumed 'title' D:\wamp\www\pk\Application\Runtime\Cache\Home\2a94b8bda04ff446dcedd42276fc99ee.php 第 132 行.
NOTIC: [8] Use of undefined constant title - assumed 'title' D:\wamp\www\pk\Application\Runtime\Cache\Home\2a94b8bda04ff446dcedd42276fc99ee.php 第 132 行.
NOTIC: [8] Use of undefined constant title - assumed 'title' D:\wamp\www\pk\Application\Runtime\Cache\Home\2a94b8bda04ff446dcedd42276fc99ee.php 第 132 行.
NOTIC: [8] Use of undefined constant title - assumed 'title' D:\wamp\www\pk\Application\Runtime\Cache\Home\2a94b8bda04ff446dcedd42276fc99ee.php 第 132 行.
INFO: Run Behavior\ParseTemplateBehavior [ RunTime:0.024000s ]
INFO: [ view_parse ] --END-- [ RunTime:0.024000s ]
INFO: [ view_filter ] --START--
INFO: Run Behavior\WriteHtmlCacheBehavior [ RunTime:0.001000s ]
INFO: [ view_filter ] --END-- [ RunTime:0.001000s ]
INFO: [ app_end ] --START--
INFO: Run Behavior\ShowPageTraceBehavior [ RunTime:0.001000s ]
INFO: [ app_end ] --END-- [ RunTime:0.001000s ]

[ 2018-01-29T13:58:17+08:00 ] 192.168.2.2 /?id=1
INFO: [ app_init ] --START--
INFO: Run Behavior\BuildLiteBehavior [ RunTime:0.000000s ]
INFO: [ app_init ] --END-- [ RunTime:0.001000s ]
INFO: [ app_begin ] --START--
INFO: Run Behavior\ReadHtmlCacheBehavior [ RunTime:0.001000s ]
INFO: [ app_begin ] --END-- [ RunTime:0.001000s ]
SQL: SHOW COLUMNS FROM `pk_jbsz` [ RunTime:0.0080s ]
SQL: SELECT * FROM `pk_jbsz` LIMIT 1   [ RunTime:0.0010s ]
SQL: SHOW COLUMNS FROM `pk_slider` [ RunTime:0.0050s ]
SQL: SELECT * FROM `pk_slider`  [ RunTime:0.0000s ]
SQL: SELECT * FROM `pk_slider` WHERE ( id=1 ) LIMIT 1   [ RunTime:0.0000s ]
SQL: SELECT * FROM `pk_jbsz`  [ RunTime:0.0000s ]
SQL: SHOW COLUMNS FROM `pk_jtyw` [ RunTime:0.0020s ]
SQL: SELECT * FROM `pk_jtyw`  [ RunTime:0.0030s ]
INFO: [ view_parse ] --START--
INFO: [ template_filter ] --START--
INFO: Run Behavior\ContentReplaceBehavior [ RunTime:0.000000s ]
INFO: [ template_filter ] --END-- [ RunTime:0.001000s ]
SQL: SHOW COLUMNS FROM `pk_menu` [ RunTime:0.0030s ]
SQL: SELECT * FROM `pk_menu` WHERE ( stat=0 ) ORDER BY id asc  [ RunTime:0.0010s ]
SQL: SELECT * FROM `pk_menu` WHERE ( stat=1 )  [ RunTime:0.0010s ]
SQL: SELECT * FROM `pk_menu` WHERE ( stat=2 )  [ RunTime:0.0030s ]
SQL: SELECT * FROM `pk_menu` WHERE ( stat=3 )  [ RunTime:0.0000s ]
SQL: SELECT * FROM `pk_menu` WHERE ( stat=4 )  [ RunTime:0.0000s ]
SQL: SELECT * FROM `pk_menu` WHERE ( stat=5 )  [ RunTime:0.0000s ]
SQL: SELECT * FROM `pk_menu` WHERE ( stat=6 )  [ RunTime:0.0010s ]
SQL: SELECT * FROM `pk_menu` WHERE ( stat=32 )  [ RunTime:0.0000s ]
NOTIC: [8] Use of undefined constant title - assumed 'title' D:\wamp\www\pk\Application\Runtime\Cache\Home\2a94b8bda04ff446dcedd42276fc99ee.php 第 132 行.
NOTIC: [8] Use of undefined constant title - assumed 'title' D:\wamp\www\pk\Application\Runtime\Cache\Home\2a94b8bda04ff446dcedd42276fc99ee.php 第 132 行.
NOTIC: [8] Use of undefined constant title - assumed 'title' D:\wamp\www\pk\Application\Runtime\Cache\Home\2a94b8bda04ff446dcedd42276fc99ee.php 第 132 行.
NOTIC: [8] Use of undefined constant title - assumed 'title' D:\wamp\www\pk\Application\Runtime\Cache\Home\2a94b8bda04ff446dcedd42276fc99ee.php 第 132 行.
NOTIC: [8] Use of undefined constant title - assumed 'title' D:\wamp\www\pk\Application\Runtime\Cache\Home\2a94b8bda04ff446dcedd42276fc99ee.php 第 132 行.
INFO: Run Behavior\ParseTemplateBehavior [ RunTime:0.028000s ]
INFO: [ view_parse ] --END-- [ RunTime:0.028000s ]
INFO: [ view_filter ] --START--
INFO: Run Behavior\WriteHtmlCacheBehavior [ RunTime:0.000000s ]
INFO: [ view_filter ] --END-- [ RunTime:0.000000s ]
INFO: [ app_end ] --START--
INFO: Run Behavior\ShowPageTraceBehavior [ RunTime:0.000000s ]
INFO: [ app_end ] --END-- [ RunTime:0.001000s ]

[ 2018-01-29T13:58:19+08:00 ] 192.168.2.2 /?id=1
INFO: [ app_init ] --START--
INFO: Run Behavior\BuildLiteBehavior [ RunTime:0.000000s ]
INFO: [ app_init ] --END-- [ RunTime:0.002000s ]
INFO: [ app_begin ] --START--
INFO: Run Behavior\ReadHtmlCacheBehavior [ RunTime:0.000000s ]
INFO: [ app_begin ] --END-- [ RunTime:0.000000s ]
SQL: SHOW COLUMNS FROM `pk_jbsz` [ RunTime:0.0030s ]
SQL: SELECT * FROM `pk_jbsz` LIMIT 1   [ RunTime:0.0010s ]
SQL: SHOW COLUMNS FROM `pk_slider` [ RunTime:0.0020s ]
SQL: SELECT * FROM `pk_slider`  [ RunTime:0.0010s ]
SQL: SELECT * FROM `pk_slider` WHERE ( id=1 ) LIMIT 1   [ RunTime:0.0000s ]
SQL: SELECT * FROM `pk_jbsz`  [ RunTime:0.0000s ]
SQL: SHOW COLUMNS FROM `pk_jtyw` [ RunTime:0.0200s ]
SQL: SELECT * FROM `pk_jtyw`  [ RunTime:0.0020s ]
INFO: [ view_parse ] --START--
INFO: [ template_filter ] --START--
INFO: Run Behavior\ContentReplaceBehavior [ RunTime:0.000000s ]
INFO: [ template_filter ] --END-- [ RunTime:0.000000s ]
SQL: SHOW COLUMNS FROM `pk_menu` [ RunTime:0.0030s ]
SQL: SELECT * FROM `pk_menu` WHERE ( stat=0 ) ORDER BY id asc  [ RunTime:0.0000s ]
SQL: SELECT * FROM `pk_menu` WHERE ( stat=1 )  [ RunTime:0.0000s ]
SQL: SELECT * FROM `pk_menu` WHERE ( stat=2 )  [ RunTime:0.0000s ]
SQL: SELECT * FROM `pk_menu` WHERE ( stat=3 )  [ RunTime:0.0000s ]
SQL: SELECT * FROM `pk_menu` WHERE ( stat=4 )  [ RunTime:0.0000s ]
SQL: SELECT * FROM `pk_menu` WHERE ( stat=5 )  [ RunTime:0.0000s ]
SQL: SELECT * FROM `pk_menu` WHERE ( stat=6 )  [ RunTime:0.0000s ]
SQL: SELECT * FROM `pk_menu` WHERE ( stat=32 )  [ RunTime:0.0000s ]
NOTIC: [8] Use of undefined constant title - assumed 'title' D:\wamp\www\pk\Application\Runtime\Cache\Home\2a94b8bda04ff446dcedd42276fc99ee.php 第 132 行.
NOTIC: [8] Use of undefined constant title - assumed 'title' D:\wamp\www\pk\Application\Runtime\Cache\Home\2a94b8bda04ff446dcedd42276fc99ee.php 第 132 行.
NOTIC: [8] Use of undefined constant title - assumed 'title' D:\wamp\www\pk\Application\Runtime\Cache\Home\2a94b8bda04ff446dcedd42276fc99ee.php 第 132 行.
NOTIC: [8] Use of undefined constant title - assumed 'title' D:\wamp\www\pk\Application\Runtime\Cache\Home\2a94b8bda04ff446dcedd42276fc99ee.php 第 132 行.
NOTIC: [8] Use of undefined constant title - assumed 'title' D:\wamp\www\pk\Application\Runtime\Cache\Home\2a94b8bda04ff446dcedd42276fc99ee.php 第 132 行.
INFO: Run Behavior\ParseTemplateBehavior [ RunTime:0.029000s ]
INFO: [ view_parse ] --END-- [ RunTime:0.029000s ]
INFO: [ view_filter ] --START--
INFO: Run Behavior\WriteHtmlCacheBehavior [ RunTime:0.000000s ]
INFO: [ view_filter ] --END-- [ RunTime:0.001000s ]
INFO: [ app_end ] --START--
INFO: Run Behavior\ShowPageTraceBehavior [ RunTime:0.001000s ]
INFO: [ app_end ] --END-- [ RunTime:0.001000s ]

[ 2018-01-29T13:58:21+08:00 ] 192.168.2.2 /home/New/news.html?id=2
INFO: [ app_init ] --START--
INFO: Run Behavior\BuildLiteBehavior [ RunTime:0.000000s ]
INFO: [ app_init ] --END-- [ RunTime:0.001000s ]
INFO: [ app_begin ] --START--
INFO: Run Behavior\ReadHtmlCacheBehavior [ RunTime:0.000000s ]
INFO: [ app_begin ] --END-- [ RunTime:0.000000s ]
SQL: SHOW COLUMNS FROM `pk_jbsz` [ RunTime:0.0020s ]
SQL: SELECT * FROM `pk_jbsz` LIMIT 1   [ RunTime:0.0000s ]
SQL: SHOW COLUMNS FROM `pk_jtyw` [ RunTime:0.0030s ]
SQL: SELECT * FROM `pk_jtyw` WHERE ( code = 1 and stat=1 ) ORDER BY edittime desc LIMIT 1,5   [ RunTime:0.0010s ]
SQL: SHOW COLUMNS FROM `pk_hydt` [ RunTime:0.0030s ]
SQL: SELECT * FROM `pk_hydt` WHERE ( code = 1 ) ORDER BY edittime desc  [ RunTime:0.0000s ]
SQL: SHOW COLUMNS FROM `pk_xcp` [ RunTime:0.0020s ]
SQL: SELECT * FROM `pk_xcp` WHERE ( id = 1 ) LIMIT 1   [ RunTime:0.0000s ]
SQL: SELECT * FROM `pk_jtyw` WHERE ( code = 1 ) LIMIT 5   [ RunTime:0.0010s ]
SQL: SELECT * FROM `pk_jbsz`  [ RunTime:0.0010s ]
SQL: SELECT * FROM `pk_jtyw`  [ RunTime:0.0020s ]
SQL: SHOW COLUMNS FROM `pk_zhongxin` [ RunTime:0.0030s ]
SQL: SELECT * FROM `pk_zhongxin` WHERE ( id=1 ) LIMIT 1   [ RunTime:0.0010s ]
SQL: SELECT * FROM `pk_zhongxin` WHERE ( id=2 ) LIMIT 1   [ RunTime:0.0000s ]
INFO: [ view_parse ] --START--
INFO: [ template_filter ] --START--
INFO: Run Behavior\ContentReplaceBehavior [ RunTime:0.000000s ]
INFO: [ template_filter ] --END-- [ RunTime:0.001000s ]
SQL: SHOW COLUMNS FROM `pk_menu` [ RunTime:0.0030s ]
SQL: SELECT * FROM `pk_menu` WHERE ( stat=0 ) ORDER BY id asc  [ RunTime:0.0000s ]
SQL: SELECT * FROM `pk_menu` WHERE ( stat=1 )  [ RunTime:0.0000s ]
SQL: SELECT * FROM `pk_menu` WHERE ( stat=2 )  [ RunTime:0.0000s ]
SQL: SELECT * FROM `pk_menu` WHERE ( stat=3 )  [ RunTime:0.0000s ]
SQL: SELECT * FROM `pk_menu` WHERE ( stat=4 )  [ RunTime:0.0000s ]
SQL: SELECT * FROM `pk_menu` WHERE ( stat=5 )  [ RunTime:0.0010s ]
SQL: SELECT * FROM `pk_menu` WHERE ( stat=6 )  [ RunTime:0.0000s ]
SQL: SELECT * FROM `pk_menu` WHERE ( stat=32 )  [ RunTime:0.0000s ]
INFO: Run Behavior\ParseTemplateBehavior [ RunTime:0.021000s ]
INFO: [ view_parse ] --END-- [ RunTime:0.021000s ]
INFO: [ view_filter ] --START--
INFO: Run Behavior\WriteHtmlCacheBehavior [ RunTime:0.000000s ]
INFO: [ view_filter ] --END-- [ RunTime:0.001000s ]
INFO: [ app_end ] --START--
INFO: Run Behavior\ShowPageTraceBehavior [ RunTime:0.002000s ]
INFO: [ app_end ] --END-- [ RunTime:0.002000s ]

