[ 2018-01-29T13:54:55+08:00 ] 192.168.2.2 /sgweb/flow_statistic.jspx?page=http%3A%2F%2Fdev.yuntopon.com%2F&referer=
INFO: [ app_init ] --START--
INFO: Run Behavior\BuildLiteBehavior [ RunTime:0.000000s ]
INFO: [ app_init ] --END-- [ RunTime:0.001000s ]
ERR: 无法加载模块:Sgweb

[ 2018-01-29T13:55:07+08:00 ] 192.168.2.2 /sgweb/flow_statistic.jspx?page=http%3A%2F%2Fdev.yuntopon.com%2Fhome%2FMokuai%2Frencai.html%3Fid%3D4&referer=http%3A%2F%2Fdev.yuntopon.com%2Fhome%2FYewu%2Findex.html%3Fid%3D3
INFO: [ app_init ] --START--
INFO: Run Behavior\BuildLiteBehavior [ RunTime:0.000000s ]
INFO: [ app_init ] --END-- [ RunTime:0.001000s ]
ERR: 无法加载模块:Sgweb

[ 2018-01-29T13:55:10+08:00 ] 192.168.2.2 /sgweb/flow_statistic.jspx?page=http%3A%2F%2Fdev.yuntopon.com%2Fhome%2FNew%2Fnews_industry.html%3Fid%3D12&referer=http%3A%2F%2Fdev.yuntopon.com%2Fhome%2FNew%2Fnews.html%3Fid%3D2
INFO: [ app_init ] --START--
INFO: Run Behavior\BuildLiteBehavior [ RunTime:0.001000s ]
INFO: [ app_init ] --END-- [ RunTime:0.002000s ]
ERR: 无法加载模块:Sgweb

[ 2018-01-29T13:55:12+08:00 ] 192.168.2.2 /sgweb/flow_statistic.jspx?page=http%3A%2F%2Fdev.yuntopon.com%2Fhome%2FYewu%2Fbusiness_health.html%3Fid%3D13&referer=http%3A%2F%2Fdev.yuntopon.com%2Fhome%2FYewu%2Findex.html%3Fid%3D3
INFO: [ app_init ] --START--
INFO: Run Behavior\BuildLiteBehavior [ RunTime:0.000000s ]
INFO: [ app_init ] --END-- [ RunTime:0.000000s ]
ERR: 无法加载模块:Sgweb

[ 2018-01-29T13:55:18+08:00 ] 192.168.2.2 /sgweb/flow_statistic.jspx?page=http%3A%2F%2Fdev.yuntopon.com%2F%3Fid%3D1&referer=http%3A%2F%2Fdev.yuntopon.com%2Fhome%2FYewu%2Fbusiness_health.html%3Fid%3D13
INFO: [ app_init ] --START--
INFO: Run Behavior\BuildLiteBehavior [ RunTime:0.000000s ]
INFO: [ app_init ] --END-- [ RunTime:0.001000s ]
ERR: 无法加载模块:Sgweb

[ 2018-01-29T13:55:26+08:00 ] 192.168.2.2 /sgweb/flow_statistic.jspx?page=http%3A%2F%2Fdev.yuntopon.com%2Findex.php%2FHome%2Findex.html&referer=http%3A%2F%2Fdev.yuntopon.com%2F%3Fid%3D1
INFO: [ app_init ] --START--
INFO: Run Behavior\BuildLiteBehavior [ RunTime:0.000000s ]
INFO: [ app_init ] --END-- [ RunTime:0.001000s ]
ERR: 无法加载模块:Sgweb

[ 2018-01-29T13:55:28+08:00 ] 192.168.2.2 /sgweb/flow_statistic.jspx?page=http%3A%2F%2Fdev.yuntopon.com%2F%3Fid%3D1&referer=http%3A%2F%2Fdev.yuntopon.com%2Fhome%2FNew%2Fnews.html%3Fid%3D2
INFO: [ app_init ] --START--
INFO: Run Behavior\BuildLiteBehavior [ RunTime:0.000000s ]
INFO: [ app_init ] --END-- [ RunTime:0.001000s ]
ERR: 无法加载模块:Sgweb

[ 2018-01-29T13:57:27+08:00 ] 192.168.2.2 /sgweb/flow_statistic.jspx?page=http%3A%2F%2Fdev.yuntopon.com%2F%3Fid%3D1&referer=http%3A%2F%2Fdev.yuntopon.com%2Fhome%2FNew%2Fnews.html%3Fid%3D2
INFO: [ app_init ] --START--
INFO: Run Behavior\BuildLiteBehavior [ RunTime:0.000000s ]
INFO: [ app_init ] --END-- [ RunTime:0.001000s ]
ERR: 无法加载模块:Sgweb

[ 2018-01-29T13:57:44+08:00 ] 192.168.2.2 /sgweb/flow_statistic.jspx?page=http%3A%2F%2Fdev.yuntopon.com%2F%3Fid%3D1&referer=http%3A%2F%2Fdev.yuntopon.com%2Fhome%2FNew%2Fnews.html%3Fid%3D2
INFO: [ app_init ] --START--
INFO: Run Behavior\BuildLiteBehavior [ RunTime:0.000000s ]
INFO: [ app_init ] --END-- [ RunTime:0.001000s ]
ERR: 无法加载模块:Sgweb

[ 2018-01-29T13:58:17+08:00 ] 192.168.2.2 /sgweb/flow_statistic.jspx?page=http%3A%2F%2Fdev.yuntopon.com%2F%3Fid%3D1&referer=http%3A%2F%2Fdev.yuntopon.com%2F%3Fid%3D1
INFO: [ app_init ] --START--
INFO: Run Behavior\BuildLiteBehavior [ RunTime:0.000000s ]
INFO: [ app_init ] --END-- [ RunTime:0.001000s ]
ERR: 无法加载模块:Sgweb

[ 2018-01-29T13:58:19+08:00 ] 192.168.2.2 /sgweb/flow_statistic.jspx?page=http%3A%2F%2Fdev.yuntopon.com%2F%3Fid%3D1&referer=http%3A%2F%2Fdev.yuntopon.com%2F%3Fid%3D1
INFO: [ app_init ] --START--
INFO: Run Behavior\BuildLiteBehavior [ RunTime:0.000000s ]
INFO: [ app_init ] --END-- [ RunTime:0.000000s ]
ERR: 无法加载模块:Sgweb

